<?xml version="1.0" encoding="UTF-8"?>
<!-- Generated by org.testng.reporters.JUnitXMLReporter -->
<testsuite ignored="2" hostname="RANJIT" failures="1" tests="2" name="Test" time="31.009" errors="0" timestamp="2024-12-02T16:18:32 IST">
  <testcase classname="com.ds.testLayer.LoginPageTest" name="verifyLoginWithCorrectCred" time="5.026"/>
  <testcase classname="com.ds.testLayer.AddToCartTest" name="verifyProductAddedIntoCart" time="5.027">
    <failure type="java.lang.AssertionError" message="expected [null] but found [Samsung galaxy s]">
      <![CDATA[java.lang.AssertionError: expected [null] but found [Samsung galaxy s]
at com.ds.testLayer.AddToCartTest.verifyProductAddedIntoCart(AddToCartTest.java:21)
at java.base/java.util.ArrayList.forEach(ArrayList.java:1511)
... Removed 31 stack frames]]>
    </failure>
  </testcase> <!-- verifyProductAddedIntoCart -->
  <testcase classname="com.ds.testBase.TestBase" name="@AfterTest end" time="0.0">
    <ignored/>
  </testcase> <!-- @AfterTest end -->
  <testcase classname="com.ds.testBase.TestBase" name="@BeforeTest start" time="0.0">
    <ignored/>
  </testcase> <!-- @BeforeTest start -->
</testsuite> <!-- Test -->
