<?xml version="1.0" encoding="UTF-8"?>
<testng-results ignored="0" total="2" passed="1" failed="1" skipped="0">
  <reporter-output>
  </reporter-output>
  <suite started-at="2024-12-02T16:18:01 IST" name="Suite" finished-at="2024-12-02T16:18:32 IST" duration-ms="31009">
    <groups>
    </groups>
    <test started-at="2024-12-02T16:18:01 IST" name="Test" finished-at="2024-12-02T16:18:32 IST" duration-ms="31009">
      <class name="com.ds.testLayer.LoginPageTest">
        <test-method is-config="true" signature="start()[pri:0, instance:com.ds.testLayer.LoginPageTest@2002fc1d]" started-at="2024-12-02T16:18:01 IST" name="start" finished-at="2024-12-02T16:18:01 IST" duration-ms="98" status="PASS">
          <reporter-output>
          </reporter-output>
        </test-method> <!-- start -->
        <test-method is-config="true" signature="setUp(java.lang.String)[pri:0, instance:com.ds.testLayer.LoginPageTest@2002fc1d]" started-at="2024-12-02T16:18:01 IST" name="setUp" finished-at="2024-12-02T16:18:12 IST" duration-ms="10763" status="PASS">
          <params>
            <param index="0">
              <value>
                <![CDATA[chrome]]>
              </value>
            </param>
          </params>
          <reporter-output>
          </reporter-output>
        </test-method> <!-- setUp -->
        <test-method signature="verifyLoginWithCorrectCred()[pri:0, instance:com.ds.testLayer.LoginPageTest@2002fc1d]" started-at="2024-12-02T16:18:12 IST" name="verifyLoginWithCorrectCred" finished-at="2024-12-02T16:18:17 IST" duration-ms="5026" status="PASS">
          <reporter-output>
          </reporter-output>
        </test-method> <!-- verifyLoginWithCorrectCred -->
        <test-method is-config="true" signature="tearDown()[pri:0, instance:com.ds.testLayer.LoginPageTest@2002fc1d]" started-at="2024-12-02T16:18:17 IST" name="tearDown" finished-at="2024-12-02T16:18:17 IST" duration-ms="275" status="PASS">
          <reporter-output>
          </reporter-output>
        </test-method> <!-- tearDown -->
        <test-method is-config="true" signature="end()[pri:0, instance:com.ds.testLayer.LoginPageTest@2002fc1d]" started-at="2024-12-02T16:18:32 IST" name="end" finished-at="2024-12-02T16:18:32 IST" duration-ms="0" status="PASS">
          <reporter-output>
          </reporter-output>
        </test-method> <!-- end -->
      </class> <!-- com.ds.testLayer.LoginPageTest -->
      <class name="com.ds.testLayer.AddToCartTest">
        <test-method is-config="true" signature="setUp(java.lang.String)[pri:0, instance:com.ds.testLayer.AddToCartTest@4009e306]" started-at="2024-12-02T16:18:17 IST" name="setUp" finished-at="2024-12-02T16:18:26 IST" duration-ms="9278" status="PASS">
          <params>
            <param index="0">
              <value>
                <![CDATA[chrome]]>
              </value>
            </param>
          </params>
          <reporter-output>
          </reporter-output>
        </test-method> <!-- setUp -->
        <test-method signature="verifyProductAddedIntoCart()[pri:0, instance:com.ds.testLayer.AddToCartTest@4009e306]" started-at="2024-12-02T16:18:26 IST" name="verifyProductAddedIntoCart" finished-at="2024-12-02T16:18:31 IST" duration-ms="5027" status="FAIL">
          <exception class="java.lang.AssertionError">
            <message>
              <![CDATA[expected [null] but found [Samsung galaxy s]]]>
            </message>
            <full-stacktrace>
              <![CDATA[java.lang.AssertionError: expected [null] but found [Samsung galaxy s]
at org.testng.Assert.fail(Assert.java:111)
at org.testng.Assert.failNotEquals(Assert.java:1578)
at org.testng.Assert.assertEqualsImpl(Assert.java:150)
at org.testng.Assert.assertEquals(Assert.java:132)
at org.testng.Assert.assertEquals(Assert.java:656)
at org.testng.Assert.assertEquals(Assert.java:666)
at com.ds.testLayer.AddToCartTest.verifyProductAddedIntoCart(AddToCartTest.java:21)
at java.base/jdk.internal.reflect.DirectMethodHandleAccessor.invoke(DirectMethodHandleAccessor.java:104)
at java.base/java.lang.reflect.Method.invoke(Method.java:578)
at org.testng.internal.invokers.MethodInvocationHelper.invokeMethod(MethodInvocationHelper.java:141)
at org.testng.internal.invokers.TestInvoker.invokeMethod(TestInvoker.java:686)
at org.testng.internal.invokers.TestInvoker.invokeTestMethod(TestInvoker.java:230)
at org.testng.internal.invokers.MethodRunner.runInSequence(MethodRunner.java:63)
at org.testng.internal.invokers.TestInvoker$MethodInvocationAgent.invoke(TestInvoker.java:992)
at org.testng.internal.invokers.TestInvoker.invokeTestMethods(TestInvoker.java:203)
at org.testng.internal.invokers.TestMethodWorker.invokeTestMethods(TestMethodWorker.java:154)
at org.testng.internal.invokers.TestMethodWorker.run(TestMethodWorker.java:134)
at java.base/java.util.ArrayList.forEach(ArrayList.java:1511)
at org.testng.TestRunner.privateRun(TestRunner.java:739)
at org.testng.TestRunner.run(TestRunner.java:614)
at org.testng.SuiteRunner.runTest(SuiteRunner.java:421)
at org.testng.SuiteRunner.runSequentially(SuiteRunner.java:413)
at org.testng.SuiteRunner.privateRun(SuiteRunner.java:373)
at org.testng.SuiteRunner.run(SuiteRunner.java:312)
at org.testng.SuiteRunnerWorker.runSuite(SuiteRunnerWorker.java:52)
at org.testng.SuiteRunnerWorker.run(SuiteRunnerWorker.java:95)
at org.testng.TestNG.runSuitesSequentially(TestNG.java:1274)
at org.testng.TestNG.runSuitesLocally(TestNG.java:1208)
at org.testng.TestNG.runSuites(TestNG.java:1112)
at org.testng.TestNG.run(TestNG.java:1079)
at org.testng.remote.AbstractRemoteTestNG.run(AbstractRemoteTestNG.java:115)
at org.testng.remote.RemoteTestNG.initAndRun(RemoteTestNG.java:293)
at org.testng.remote.RemoteTestNG.main(RemoteTestNG.java:91)
]]>
            </full-stacktrace>
          </exception> <!-- java.lang.AssertionError -->
          <reporter-output>
          </reporter-output>
        </test-method> <!-- verifyProductAddedIntoCart -->
        <test-method is-config="true" signature="tearDown()[pri:0, instance:com.ds.testLayer.AddToCartTest@4009e306]" started-at="2024-12-02T16:18:31 IST" name="tearDown" finished-at="2024-12-02T16:18:32 IST" duration-ms="249" status="PASS">
          <reporter-output>
          </reporter-output>
        </test-method> <!-- tearDown -->
      </class> <!-- com.ds.testLayer.AddToCartTest -->
    </test> <!-- Test -->
  </suite> <!-- Suite -->
</testng-results>
